<?xml version="1.0" encoding="UTF-8"?>
<!-- Generated by org.testng.reporters.JUnitReportReporter -->
<testsuite hostname="AyushKumarSingh" failures="0" tests="1" name="Bikes.BajajTest" time="6.001" errors="0" timestamp="2025-07-28T13:42:49 IST" skipped="0">
  <testcase classname="Bikes.BajajTest" name="launch" time="6.001">
    <system-out>
      <![CDATA[BajajTest Class executed]]>
    </system-out>
  </testcase> <!-- launch -->
  <system-out>
    <![CDATA[BajajTest Class executed]]>
  </system-out>
</testsuite> <!-- Bikes.BajajTest -->
