<?xml version="1.0" encoding="UTF-8"?>
<!-- Generated by org.testng.reporters.JUnitReportReporter -->
<testsuite hostname="AyushKumarSingh" failures="0" tests="1" name="ExtentReports.LearnExtentReport" time="1.035" errors="0" timestamp="2025-07-29T13:14:22 IST" skipped="0">
  <testcase classname="ExtentReports.LearnExtentReport" name="createReport" time="1.035"/>
</testsuite> <!-- ExtentReports.LearnExtentReport -->
