<?xml version="1.0" encoding="UTF-8"?>
<!-- Generated by org.testng.reporters.JUnitReportReporter -->
<testsuite hostname="AyushKumarSingh" failures="0" tests="1" name="ExtentReports.ToLearnExtentReport" time="0.756" errors="0" timestamp="2025-06-23T13:29:42 IST" skipped="0">
  <testcase classname="ExtentReports.ToLearnExtentReport" name="createReport" time="0.756"/>
</testsuite> <!-- ExtentReports.ToLearnExtentReport -->
