<?xml version="1.0" encoding="UTF-8"?>
<!-- Generated by org.testng.reporters.JUnitReportReporter -->
<testsuite hostname="AyushKumarSingh" failures="0" tests="1" name="ExtentReports.AddingScreenshotIntoReport" time="5.294" errors="0" timestamp="2025-07-29T13:44:43 IST" skipped="0">
  <testcase classname="ExtentReports.AddingScreenshotIntoReport" name="addingScreenshot" time="5.294"/>
</testsuite> <!-- ExtentReports.AddingScreenshotIntoReport -->
